Using pre-set license
Built from '2020.3/release' branch; Version is '2020.3.2f1 (8fd9074bf66c) revision 9427207'; Using compiler version '192528614'; Build Type 'Release'
OS: 'Windows 10 Education; OS build 19042.1110; Version 2009; 64bit' Language: 'en' Physical Memory: 32673 MB
BatchMode: 1, IsHumanControllingUs: 0, StartBugReporterOnCrash: 0, Is64bit: 1, IsPro: 0

 COMMAND LINE ARGUMENTS:
C:\Program Files\Unity\Editor\Unity.exe
-adb2
-batchMode
-noUpm
-name
AssetImportWorker0
-projectPath
C:/Users/7163/OneDrive - pukekohehigh.school.nz/DIT/CarGameDIT - Copy
-logFile
Logs/AssetImportWorker0.log
-srvPort
59045
Successfully changed project path to: C:/Users/7163/OneDrive - pukekohehigh.school.nz/DIT/CarGameDIT - Copy
C:/Users/7163/OneDrive - pukekohehigh.school.nz/DIT/CarGameDIT - Copy
Using Asset Import Pipeline V2.
Refreshing native plugins compatible for Editor in 37.10 ms, found 0 plugins.
Preloading 0 native plugins for Editor in 0.00 ms.
Initialize engine version: 2020.3.2f1 (8fd9074bf66c)
[Subsystems] Discovering subsystems at path C:/Program Files/Unity/Editor/Data/Resources/UnitySubsystems
[Subsystems] Discovering subsystems at path C:/Users/7163/OneDrive - pukekohehigh.school.nz/DIT/CarGameDIT - Copy/Assets
GfxDevice: creating device client; threaded=0
Direct3D:
    Version:  Direct3D 11.0 [level 11.1]
    Renderer: NVIDIA GeForce RTX 3080 (ID=0x2206)
    Vendor:   
    VRAM:     10078 MB
    Driver:   27.21.14.5751
Initialize mono
Mono path[0] = 'C:/Program Files/Unity/Editor/Data/Managed'
Mono path[1] = 'C:/Program Files/Unity/Editor/Data/MonoBleedingEdge/lib/mono/unityjit'
Mono config path = 'C:/Program Files/Unity/Editor/Data/MonoBleedingEdge/etc'
Using monoOptions --debugger-agent=transport=dt_socket,embedding=1,server=y,suspend=n,address=127.0.0.1:56800
Begin MonoManager ReloadAssembly
Registering precompiled unity dll's ...
Register platform support module: C:/Program Files/Unity/Editor/Data/PlaybackEngines/WindowsStandaloneSupport/UnityEditor.WindowsStandalone.Extensions.dll
Registered in 0.001462 seconds.
Native extension for WindowsStandalone target not found
Refreshing native plugins compatible for Editor in 38.36 ms, found 0 plugins.
Preloading 0 native plugins for Editor in 0.00 ms.
Invoked RoslynAnalysisRunner static constructor.
RoslynAnalysisRunner will not be running.
RoslynAnalysisRunner has terminated.
Mono: successfully reloaded assembly
- Completed reload, in  0.875 seconds
Platform modules already initialized, skipping
Registering precompiled user dll's ...
Registered in 0.001630 seconds.
Begin MonoManager ReloadAssembly
Native extension for WindowsStandalone target not found
Refreshing native plugins compatible for Editor in 35.28 ms, found 0 plugins.
Preloading 0 native plugins for Editor in 0.00 ms.
Invoked RoslynAnalysisRunner static constructor.
RoslynAnalysisRunner will not be running.
RoslynAnalysisRunner has terminated.
Mono: successfully reloaded assembly
- Completed reload, in  0.653 seconds
Platform modules already initialized, skipping
========================================================================
Worker process is ready to serve import requests
Shader 'Universal Render Pipeline/Particles/Lit': fallback shader 'Universal Render Pipeline/Particles/SimpleLit' not found
Shader 'Universal Render Pipeline/Particles/Lit': fallback shader 'Universal Render Pipeline/Particles/SimpleLit' not found
Launched and connected shader compiler UnityShaderCompiler.exe after 0.03 seconds
Refreshing native plugins compatible for Editor in 0.56 ms, found 0 plugins.
Preloading 0 native plugins for Editor in 0.00 ms.
Unloading 2864 Unused Serialized files (Serialized files now loaded: 0)
System memory in use before: 133.1 MB.
System memory in use after: 130.3 MB.

Unloading 48 unused Assets to reduce memory usage. Loaded Objects now: 3275.
Total: 3.552000 ms (FindLiveObjects: 0.362500 ms CreateObjectMapping: 0.143600 ms MarkObjects: 1.968400 ms  DeleteObjects: 1.076800 ms)

========================================================================
Received Import Request.
  path: Assets/Scenes/CityTrack.unity
  artifactKey: Guid(d1c3109bdb54ad54c8a2b2838528e640) Importer(815301076,1909f56bfc062723c751e8b465ee728b)
Start importing Assets/Scenes/CityTrack.unity using Guid(d1c3109bdb54ad54c8a2b2838528e640) Importer(815301076,1909f56bfc062723c751e8b465ee728b)  -> (artifact id: '10e6415b27fa70493aa8aa67d6722bc7') in 0.012045 seconds
  Import took 0.018003 seconds .

========================================================================
Received Prepare
Registering precompiled user dll's ...
Registered in 0.001173 seconds.
Begin MonoManager ReloadAssembly
Native extension for WindowsStandalone target not found
Refreshing native plugins compatible for Editor in 0.57 ms, found 0 plugins.
Preloading 0 native plugins for Editor in 0.00 ms.
Invoked RoslynAnalysisRunner static constructor.
RoslynAnalysisRunner will not be running.
RoslynAnalysisRunner has terminated.
Mono: successfully reloaded assembly
- Completed reload, in  0.605 seconds
Platform modules already initialized, skipping
Shader 'Universal Render Pipeline/Particles/Lit': fallback shader 'Universal Render Pipeline/Particles/SimpleLit' not found
Shader 'Universal Render Pipeline/Particles/Lit': fallback shader 'Universal Render Pipeline/Particles/SimpleLit' not found
Refreshing native plugins compatible for Editor in 0.54 ms, found 0 plugins.
Preloading 0 native plugins for Editor in 0.00 ms.
Unloading 2774 Unused Serialized files (Serialized files now loaded: 0)
System memory in use before: 128.2 MB.
System memory in use after: 125.4 MB.

Unloading 41 unused Assets to reduce memory usage. Loaded Objects now: 3278.
Total: 3.860500 ms (FindLiveObjects: 0.349900 ms CreateObjectMapping: 0.116500 ms MarkObjects: 2.115000 ms  DeleteObjects: 1.277900 ms)

========================================================================
Received Import Request.
  Time since last request: 239.980688 seconds.
  path: Assets/UI Assets/PauseMenu/MenuButton.png
  artifactKey: Guid(fba1376f7cd185b4fb46128b74e82aa6) Importer(815301076,1909f56bfc062723c751e8b465ee728b)
Start importing Assets/UI Assets/PauseMenu/MenuButton.png using Guid(fba1376f7cd185b4fb46128b74e82aa6) Importer(815301076,1909f56bfc062723c751e8b465ee728b)  -> (artifact id: 'cffaae464f39b1dd85b531423dc5fe19') in 1.019336 seconds
  Import took 1.026183 seconds .

========================================================================
Received Import Request.
  Time since last request: 0.000355 seconds.
  path: Assets/UI Assets/PauseMenu/SettingsButton.png
  artifactKey: Guid(7b920bd08895b9d4bb443f4c3c96ef3d) Importer(815301076,1909f56bfc062723c751e8b465ee728b)
Start importing Assets/UI Assets/PauseMenu/SettingsButton.png using Guid(7b920bd08895b9d4bb443f4c3c96ef3d) Importer(815301076,1909f56bfc062723c751e8b465ee728b)  -> (artifact id: '07ef3c1ad663cee33103fea3dce800ca') in 1.041510 seconds
  Import took 1.047382 seconds .

========================================================================
Received Import Request.
  Time since last request: 0.000383 seconds.
  path: Assets/UI Assets/PauseMenu/ResumeButton.png
  artifactKey: Guid(dcd2240422eed784c8f6f4f015cb7b10) Importer(815301076,1909f56bfc062723c751e8b465ee728b)
Start importing Assets/UI Assets/PauseMenu/ResumeButton.png using Guid(dcd2240422eed784c8f6f4f015cb7b10) Importer(815301076,1909f56bfc062723c751e8b465ee728b)  -> (artifact id: 'b76f24c7e27cfa0a0119e11d3ab66e4d') in 0.005988 seconds
  Import took 0.011153 seconds .

========================================================================
Received Import Request.
  Time since last request: 0.000450 seconds.
  path: Assets/UI Assets/PauseMenu/ResumeButton.png
  artifactKey: Guid(dcd2240422eed784c8f6f4f015cb7b10) Importer(815301076,1909f56bfc062723c751e8b465ee728b)
Start importing Assets/UI Assets/PauseMenu/ResumeButton.png using Guid(dcd2240422eed784c8f6f4f015cb7b10) Importer(815301076,1909f56bfc062723c751e8b465ee728b)  -> (artifact id: 'b76f24c7e27cfa0a0119e11d3ab66e4d') in 0.005599 seconds
  Import took 0.011724 seconds .

========================================================================
Received Import Request.
  Time since last request: 5.318787 seconds.
  path: Assets/UI Assets/PauseMenu/MenuButton.png
  artifactKey: Guid(fba1376f7cd185b4fb46128b74e82aa6) Importer(815301076,1909f56bfc062723c751e8b465ee728b)
Start importing Assets/UI Assets/PauseMenu/MenuButton.png using Guid(fba1376f7cd185b4fb46128b74e82aa6) Importer(815301076,1909f56bfc062723c751e8b465ee728b)  -> (artifact id: 'f67f2507e3511137e75ee264709b9df4') in 0.034403 seconds
  Import took 0.040462 seconds .

========================================================================
Received Import Request.
  Time since last request: 0.000414 seconds.
  path: Assets/UI Assets/PauseMenu/SettingsButton.png
  artifactKey: Guid(7b920bd08895b9d4bb443f4c3c96ef3d) Importer(815301076,1909f56bfc062723c751e8b465ee728b)
Start importing Assets/UI Assets/PauseMenu/SettingsButton.png using Guid(7b920bd08895b9d4bb443f4c3c96ef3d) Importer(815301076,1909f56bfc062723c751e8b465ee728b)  -> (artifact id: '5d4057556eafb1a4d8ca5d8a8160485b') in 0.010235 seconds
  Import took 0.016097 seconds .

========================================================================
Received Import Request.
  Time since last request: 0.000294 seconds.
  path: Assets/UI Assets/PauseMenu/MenuButton.png
  artifactKey: Guid(fba1376f7cd185b4fb46128b74e82aa6) Importer(815301076,1909f56bfc062723c751e8b465ee728b)
Start importing Assets/UI Assets/PauseMenu/MenuButton.png using Guid(fba1376f7cd185b4fb46128b74e82aa6) Importer(815301076,1909f56bfc062723c751e8b465ee728b)  -> (artifact id: 'f67f2507e3511137e75ee264709b9df4') in 0.013350 seconds
  Import took 0.018011 seconds .

========================================================================
Received Import Request.
  Time since last request: 0.000279 seconds.
  path: Assets/UI Assets/PauseMenu/ResumeButton.png
  artifactKey: Guid(dcd2240422eed784c8f6f4f015cb7b10) Importer(815301076,1909f56bfc062723c751e8b465ee728b)
Start importing Assets/UI Assets/PauseMenu/ResumeButton.png using Guid(dcd2240422eed784c8f6f4f015cb7b10) Importer(815301076,1909f56bfc062723c751e8b465ee728b)  -> (artifact id: 'dd3d265805e8bc44047c02f2a641e995') in 0.009202 seconds
  Import took 0.014619 seconds .

========================================================================
Received Import Request.
  Time since last request: 86.400673 seconds.
  path: Assets/UI Assets/PauseMenu/Restart.png
  artifactKey: Guid(a98443823b8ee784b98b04bc4eb59bbf) Importer(815301076,1909f56bfc062723c751e8b465ee728b)
Start importing Assets/UI Assets/PauseMenu/Restart.png using Guid(a98443823b8ee784b98b04bc4eb59bbf) Importer(815301076,1909f56bfc062723c751e8b465ee728b)  -> (artifact id: '0cd3fcaebbeac6d68fc73a46383c848f') in 0.008094 seconds
  Import took 0.014442 seconds .

========================================================================
Received Import Request.
  Time since last request: 4.827121 seconds.
  path: Assets/UI Assets/PauseMenu/Restart.png
  artifactKey: Guid(a98443823b8ee784b98b04bc4eb59bbf) Importer(815301076,1909f56bfc062723c751e8b465ee728b)
Start importing Assets/UI Assets/PauseMenu/Restart.png using Guid(a98443823b8ee784b98b04bc4eb59bbf) Importer(815301076,1909f56bfc062723c751e8b465ee728b)  -> (artifact id: '2b3f7d9dc40a51034152ebd8fbba545e') in 0.008298 seconds
  Import took 0.014175 seconds .

========================================================================
Received Prepare
Registering precompiled user dll's ...
Registered in 0.001124 seconds.
Begin MonoManager ReloadAssembly
Native extension for WindowsStandalone target not found
Refreshing native plugins compatible for Editor in 0.52 ms, found 0 plugins.
Preloading 0 native plugins for Editor in 0.00 ms.
Invoked RoslynAnalysisRunner static constructor.
RoslynAnalysisRunner will not be running.
RoslynAnalysisRunner has terminated.
Mono: successfully reloaded assembly
- Completed reload, in  0.580 seconds
Platform modules already initialized, skipping
Shader 'Universal Render Pipeline/Particles/Lit': fallback shader 'Universal Render Pipeline/Particles/SimpleLit' not found
Shader 'Universal Render Pipeline/Particles/Lit': fallback shader 'Universal Render Pipeline/Particles/SimpleLit' not found
Refreshing native plugins compatible for Editor in 0.54 ms, found 0 plugins.
Preloading 0 native plugins for Editor in 0.00 ms.
Unloading 2774 Unused Serialized files (Serialized files now loaded: 0)
System memory in use before: 131.1 MB.
System memory in use after: 128.4 MB.

Unloading 41 unused Assets to reduce memory usage. Loaded Objects now: 3288.
Total: 3.483700 ms (FindLiveObjects: 0.361200 ms CreateObjectMapping: 0.105000 ms MarkObjects: 1.858000 ms  DeleteObjects: 1.158600 ms)

========================================================================
Received Prepare
Registering precompiled user dll's ...
Registered in 0.001242 seconds.
Begin MonoManager ReloadAssembly
Native extension for WindowsStandalone target not found
Refreshing native plugins compatible for Editor in 0.55 ms, found 0 plugins.
Preloading 0 native plugins for Editor in 0.00 ms.
Invoked RoslynAnalysisRunner static constructor.
RoslynAnalysisRunner will not be running.
RoslynAnalysisRunner has terminated.
Mono: successfully reloaded assembly
- Completed reload, in  0.686 seconds
Platform modules already initialized, skipping
Shader 'Universal Render Pipeline/Particles/Lit': fallback shader 'Universal Render Pipeline/Particles/SimpleLit' not found
Shader 'Universal Render Pipeline/Particles/Lit': fallback shader 'Universal Render Pipeline/Particles/SimpleLit' not found
Refreshing native plugins compatible for Editor in 0.54 ms, found 0 plugins.
Preloading 0 native plugins for Editor in 0.00 ms.
Unloading 2774 Unused Serialized files (Serialized files now loaded: 0)
System memory in use before: 131.2 MB.
System memory in use after: 128.5 MB.

Unloading 41 unused Assets to reduce memory usage. Loaded Objects now: 3291.
Total: 5.165900 ms (FindLiveObjects: 0.771700 ms CreateObjectMapping: 0.322400 ms MarkObjects: 2.325400 ms  DeleteObjects: 1.744700 ms)

========================================================================
Received Prepare
Registering precompiled user dll's ...
Registered in 0.001218 seconds.
Begin MonoManager ReloadAssembly
Native extension for WindowsStandalone target not found
Refreshing native plugins compatible for Editor in 0.53 ms, found 0 plugins.
Preloading 0 native plugins for Editor in 0.00 ms.
Invoked RoslynAnalysisRunner static constructor.
RoslynAnalysisRunner will not be running.
RoslynAnalysisRunner has terminated.
Mono: successfully reloaded assembly
- Completed reload, in  0.615 seconds
Platform modules already initialized, skipping
Shader 'Universal Render Pipeline/Particles/Lit': fallback shader 'Universal Render Pipeline/Particles/SimpleLit' not found
Shader 'Universal Render Pipeline/Particles/Lit': fallback shader 'Universal Render Pipeline/Particles/SimpleLit' not found
Refreshing native plugins compatible for Editor in 0.53 ms, found 0 plugins.
Preloading 0 native plugins for Editor in 0.00 ms.
Unloading 2774 Unused Serialized files (Serialized files now loaded: 0)
System memory in use before: 131.3 MB.
System memory in use after: 128.5 MB.

Unloading 41 unused Assets to reduce memory usage. Loaded Objects now: 3294.
Total: 3.558100 ms (FindLiveObjects: 0.289900 ms CreateObjectMapping: 0.128100 ms MarkObjects: 1.866400 ms  DeleteObjects: 1.272900 ms)

========================================================================
Received Import Request.
  Time since last request: 328.144062 seconds.
  path: Assets/Scenes/CityTrack.unity
  artifactKey: Guid(d1c3109bdb54ad54c8a2b2838528e640) Importer(815301076,1909f56bfc062723c751e8b465ee728b)
Start importing Assets/Scenes/CityTrack.unity using Guid(d1c3109bdb54ad54c8a2b2838528e640) Importer(815301076,1909f56bfc062723c751e8b465ee728b)  -> (artifact id: '89facdc06de052fccd1b0ea37381c4ec') in 0.036589 seconds
  Import took 0.042568 seconds .

========================================================================
Received Prepare
Registering precompiled user dll's ...
Registered in 0.001108 seconds.
Begin MonoManager ReloadAssembly
Native extension for WindowsStandalone target not found
Refreshing native plugins compatible for Editor in 0.52 ms, found 0 plugins.
Preloading 0 native plugins for Editor in 0.00 ms.
Invoked RoslynAnalysisRunner static constructor.
RoslynAnalysisRunner will not be running.
RoslynAnalysisRunner has terminated.
Mono: successfully reloaded assembly
- Completed reload, in  0.581 seconds
Platform modules already initialized, skipping
Shader 'Universal Render Pipeline/Particles/Lit': fallback shader 'Universal Render Pipeline/Particles/SimpleLit' not found
Shader 'Universal Render Pipeline/Particles/Lit': fallback shader 'Universal Render Pipeline/Particles/SimpleLit' not found
Refreshing native plugins compatible for Editor in 0.54 ms, found 0 plugins.
Preloading 0 native plugins for Editor in 0.00 ms.
Unloading 2774 Unused Serialized files (Serialized files now loaded: 0)
System memory in use before: 131.3 MB.
System memory in use after: 128.5 MB.

Unloading 41 unused Assets to reduce memory usage. Loaded Objects now: 3297.
Total: 3.574400 ms (FindLiveObjects: 0.328300 ms CreateObjectMapping: 0.106900 ms MarkObjects: 1.838800 ms  DeleteObjects: 1.299800 ms)

========================================================================
Received Import Request.
  Time since last request: 76.346667 seconds.
  path: Assets/UI Assets/HUD/Submit.png
  artifactKey: Guid(66bfc7cbaf7267844a88340120807fc7) Importer(815301076,1909f56bfc062723c751e8b465ee728b)
Start importing Assets/UI Assets/HUD/Submit.png using Guid(66bfc7cbaf7267844a88340120807fc7) Importer(815301076,1909f56bfc062723c751e8b465ee728b)  -> (artifact id: '431d2ee231ec4395f12c5a81a4c02a7b') in 0.033808 seconds
  Import took 0.039816 seconds .

========================================================================
Received Import Request.
  Time since last request: 5.785515 seconds.
  path: Assets/UI Assets/HUD/Submit.png
  artifactKey: Guid(66bfc7cbaf7267844a88340120807fc7) Importer(815301076,1909f56bfc062723c751e8b465ee728b)
Start importing Assets/UI Assets/HUD/Submit.png using Guid(66bfc7cbaf7267844a88340120807fc7) Importer(815301076,1909f56bfc062723c751e8b465ee728b)  -> (artifact id: '5927e37cbb33b6d025fbf2cf830fee6a') in 0.019898 seconds
  Import took 0.025796 seconds .

========================================================================
Received Prepare
Registering precompiled user dll's ...
Registered in 0.001191 seconds.
Begin MonoManager ReloadAssembly
Native extension for WindowsStandalone target not found
Refreshing native plugins compatible for Editor in 0.52 ms, found 0 plugins.
Preloading 0 native plugins for Editor in 0.00 ms.
Invoked RoslynAnalysisRunner static constructor.
RoslynAnalysisRunner will not be running.
RoslynAnalysisRunner has terminated.
Mono: successfully reloaded assembly
- Completed reload, in  0.603 seconds
Platform modules already initialized, skipping
Shader 'Universal Render Pipeline/Particles/Lit': fallback shader 'Universal Render Pipeline/Particles/SimpleLit' not found
Shader 'Universal Render Pipeline/Particles/Lit': fallback shader 'Universal Render Pipeline/Particles/SimpleLit' not found
Refreshing native plugins compatible for Editor in 0.74 ms, found 0 plugins.
Preloading 0 native plugins for Editor in 0.00 ms.
Unloading 2774 Unused Serialized files (Serialized files now loaded: 0)
System memory in use before: 131.3 MB.
System memory in use after: 128.5 MB.

Unloading 41 unused Assets to reduce memory usage. Loaded Objects now: 3301.
Total: 3.970400 ms (FindLiveObjects: 0.554100 ms CreateObjectMapping: 0.195300 ms MarkObjects: 1.840900 ms  DeleteObjects: 1.379300 ms)

========================================================================
Received Prepare
Registering precompiled user dll's ...
Registered in 0.001151 seconds.
Begin MonoManager ReloadAssembly
Native extension for WindowsStandalone target not found
Refreshing native plugins compatible for Editor in 0.52 ms, found 0 plugins.
Preloading 0 native plugins for Editor in 0.00 ms.
Invoked RoslynAnalysisRunner static constructor.
RoslynAnalysisRunner will not be running.
RoslynAnalysisRunner has terminated.
Mono: successfully reloaded assembly
- Completed reload, in  0.574 seconds
Platform modules already initialized, skipping
Shader 'Universal Render Pipeline/Particles/Lit': fallback shader 'Universal Render Pipeline/Particles/SimpleLit' not found
Shader 'Universal Render Pipeline/Particles/Lit': fallback shader 'Universal Render Pipeline/Particles/SimpleLit' not found
Refreshing native plugins compatible for Editor in 0.54 ms, found 0 plugins.
Preloading 0 native plugins for Editor in 0.00 ms.
Unloading 2774 Unused Serialized files (Serialized files now loaded: 0)
System memory in use before: 131.2 MB.
System memory in use after: 128.5 MB.

Unloading 41 unused Assets to reduce memory usage. Loaded Objects now: 3304.
Total: 3.896300 ms (FindLiveObjects: 0.331700 ms CreateObjectMapping: 0.113800 ms MarkObjects: 2.050800 ms  DeleteObjects: 1.398500 ms)

========================================================================
Received Prepare
Registering precompiled user dll's ...
Registered in 0.001178 seconds.
Begin MonoManager ReloadAssembly
Native extension for WindowsStandalone target not found
Refreshing native plugins compatible for Editor in 0.52 ms, found 0 plugins.
Preloading 0 native plugins for Editor in 0.00 ms.
Invoked RoslynAnalysisRunner static constructor.
RoslynAnalysisRunner will not be running.
RoslynAnalysisRunner has terminated.
Mono: successfully reloaded assembly
- Completed reload, in  0.591 seconds
Platform modules already initialized, skipping
Shader 'Universal Render Pipeline/Particles/Lit': fallback shader 'Universal Render Pipeline/Particles/SimpleLit' not found
Shader 'Universal Render Pipeline/Particles/Lit': fallback shader 'Universal Render Pipeline/Particles/SimpleLit' not found
Refreshing native plugins compatible for Editor in 0.53 ms, found 0 plugins.
Preloading 0 native plugins for Editor in 0.00 ms.
Unloading 2774 Unused Serialized files (Serialized files now loaded: 0)
System memory in use before: 131.3 MB.
System memory in use after: 128.5 MB.

Unloading 41 unused Assets to reduce memory usage. Loaded Objects now: 3307.
Total: 4.450500 ms (FindLiveObjects: 0.349700 ms CreateObjectMapping: 0.133100 ms MarkObjects: 2.365800 ms  DeleteObjects: 1.600900 ms)

========================================================================
Received Prepare
Registering precompiled user dll's ...
Registered in 0.001111 seconds.
Begin MonoManager ReloadAssembly
Native extension for WindowsStandalone target not found
Refreshing native plugins compatible for Editor in 0.55 ms, found 0 plugins.
Preloading 0 native plugins for Editor in 0.00 ms.
Invoked RoslynAnalysisRunner static constructor.
RoslynAnalysisRunner will not be running.
RoslynAnalysisRunner has terminated.
Mono: successfully reloaded assembly
- Completed reload, in  0.598 seconds
Platform modules already initialized, skipping
Shader 'Universal Render Pipeline/Particles/Lit': fallback shader 'Universal Render Pipeline/Particles/SimpleLit' not found
Shader 'Universal Render Pipeline/Particles/Lit': fallback shader 'Universal Render Pipeline/Particles/SimpleLit' not found
Refreshing native plugins compatible for Editor in 0.55 ms, found 0 plugins.
Preloading 0 native plugins for Editor in 0.00 ms.
Unloading 2774 Unused Serialized files (Serialized files now loaded: 0)
System memory in use before: 131.3 MB.
System memory in use after: 128.6 MB.

Unloading 41 unused Assets to reduce memory usage. Loaded Objects now: 3310.
Total: 3.951100 ms (FindLiveObjects: 0.332900 ms CreateObjectMapping: 0.123100 ms MarkObjects: 2.077100 ms  DeleteObjects: 1.417000 ms)

========================================================================
Received Prepare
Registering precompiled user dll's ...
Registered in 0.001332 seconds.
Begin MonoManager ReloadAssembly
Native extension for WindowsStandalone target not found
Refreshing native plugins compatible for Editor in 0.54 ms, found 0 plugins.
Preloading 0 native plugins for Editor in 0.00 ms.
Invoked RoslynAnalysisRunner static constructor.
RoslynAnalysisRunner will not be running.
RoslynAnalysisRunner has terminated.
Mono: successfully reloaded assembly
- Completed reload, in  0.588 seconds
Platform modules already initialized, skipping
Shader 'Universal Render Pipeline/Particles/Lit': fallback shader 'Universal Render Pipeline/Particles/SimpleLit' not found
Shader 'Universal Render Pipeline/Particles/Lit': fallback shader 'Universal Render Pipeline/Particles/SimpleLit' not found
Refreshing native plugins compatible for Editor in 0.53 ms, found 0 plugins.
Preloading 0 native plugins for Editor in 0.00 ms.
Unloading 2774 Unused Serialized files (Serialized files now loaded: 0)
System memory in use before: 131.3 MB.
System memory in use after: 128.6 MB.

Unloading 41 unused Assets to reduce memory usage. Loaded Objects now: 3313.
Total: 3.862200 ms (FindLiveObjects: 0.335000 ms CreateObjectMapping: 0.134800 ms MarkObjects: 2.002300 ms  DeleteObjects: 1.389300 ms)

========================================================================
Received Prepare
Registering precompiled user dll's ...
Registered in 0.001071 seconds.
Begin MonoManager ReloadAssembly
Native extension for WindowsStandalone target not found
Refreshing native plugins compatible for Editor in 0.52 ms, found 0 plugins.
Preloading 0 native plugins for Editor in 0.00 ms.
Invoked RoslynAnalysisRunner static constructor.
RoslynAnalysisRunner will not be running.
RoslynAnalysisRunner has terminated.
Mono: successfully reloaded assembly
- Completed reload, in  0.592 seconds
Platform modules already initialized, skipping
Shader 'Universal Render Pipeline/Particles/Lit': fallback shader 'Universal Render Pipeline/Particles/SimpleLit' not found
Shader 'Universal Render Pipeline/Particles/Lit': fallback shader 'Universal Render Pipeline/Particles/SimpleLit' not found
Refreshing native plugins compatible for Editor in 0.54 ms, found 0 plugins.
Preloading 0 native plugins for Editor in 0.00 ms.
Unloading 2774 Unused Serialized files (Serialized files now loaded: 0)
System memory in use before: 131.2 MB.
System memory in use after: 128.5 MB.

Unloading 41 unused Assets to reduce memory usage. Loaded Objects now: 3316.
Total: 3.813200 ms (FindLiveObjects: 0.385800 ms CreateObjectMapping: 0.118400 ms MarkObjects: 1.990300 ms  DeleteObjects: 1.317700 ms)

========================================================================
Received Prepare
Registering precompiled user dll's ...
Registered in 0.001109 seconds.
Begin MonoManager ReloadAssembly
Native extension for WindowsStandalone target not found
Refreshing native plugins compatible for Editor in 0.55 ms, found 0 plugins.
Preloading 0 native plugins for Editor in 0.00 ms.
Invoked RoslynAnalysisRunner static constructor.
RoslynAnalysisRunner will not be running.
RoslynAnalysisRunner has terminated.
Mono: successfully reloaded assembly
- Completed reload, in  0.590 seconds
Platform modules already initialized, skipping
Shader 'Universal Render Pipeline/Particles/Lit': fallback shader 'Universal Render Pipeline/Particles/SimpleLit' not found
Shader 'Universal Render Pipeline/Particles/Lit': fallback shader 'Universal Render Pipeline/Particles/SimpleLit' not found
Refreshing native plugins compatible for Editor in 0.53 ms, found 0 plugins.
Preloading 0 native plugins for Editor in 0.00 ms.
Unloading 2774 Unused Serialized files (Serialized files now loaded: 0)
System memory in use before: 131.3 MB.
System memory in use after: 128.6 MB.

Unloading 41 unused Assets to reduce memory usage. Loaded Objects now: 3319.
Total: 3.875100 ms (FindLiveObjects: 0.355100 ms CreateObjectMapping: 0.118800 ms MarkObjects: 2.043300 ms  DeleteObjects: 1.357000 ms)

========================================================================
Received Prepare
Registering precompiled user dll's ...
Registered in 0.001241 seconds.
Begin MonoManager ReloadAssembly
Native extension for WindowsStandalone target not found
Refreshing native plugins compatible for Editor in 0.53 ms, found 0 plugins.
Preloading 0 native plugins for Editor in 0.00 ms.
Invoked RoslynAnalysisRunner static constructor.
RoslynAnalysisRunner will not be running.
RoslynAnalysisRunner has terminated.
Mono: successfully reloaded assembly
- Completed reload, in  0.586 seconds
Platform modules already initialized, skipping
Shader 'Universal Render Pipeline/Particles/Lit': fallback shader 'Universal Render Pipeline/Particles/SimpleLit' not found
Shader 'Universal Render Pipeline/Particles/Lit': fallback shader 'Universal Render Pipeline/Particles/SimpleLit' not found
Refreshing native plugins compatible for Editor in 0.53 ms, found 0 plugins.
Preloading 0 native plugins for Editor in 0.00 ms.
Unloading 2774 Unused Serialized files (Serialized files now loaded: 0)
System memory in use before: 131.4 MB.
System memory in use after: 128.6 MB.

Unloading 41 unused Assets to reduce memory usage. Loaded Objects now: 3322.
Total: 3.582500 ms (FindLiveObjects: 0.324200 ms CreateObjectMapping: 0.073100 ms MarkObjects: 1.860400 ms  DeleteObjects: 1.324200 ms)

========================================================================
Received Import Request.
  Time since last request: 770.146761 seconds.
  path: Assets/UI Assets/HUD/Clear.png
  artifactKey: Guid(57f0d094c353c85468abfa2bf9533afa) Importer(815301076,1909f56bfc062723c751e8b465ee728b)
Start importing Assets/UI Assets/HUD/Clear.png using Guid(57f0d094c353c85468abfa2bf9533afa) Importer(815301076,1909f56bfc062723c751e8b465ee728b)  -> (artifact id: 'd91db6735ba78ca51bc2dc239b5bb1cf') in 0.039026 seconds
  Import took 0.045268 seconds .

========================================================================
Received Import Request.
  Time since last request: 5.089683 seconds.
  path: Assets/UI Assets/HUD/Clear.png
  artifactKey: Guid(57f0d094c353c85468abfa2bf9533afa) Importer(815301076,1909f56bfc062723c751e8b465ee728b)
Start importing Assets/UI Assets/HUD/Clear.png using Guid(57f0d094c353c85468abfa2bf9533afa) Importer(815301076,1909f56bfc062723c751e8b465ee728b)  -> (artifact id: 'bcc444b39882482c09bd65ea8d6d823c') in 0.019214 seconds
  Import took 0.025502 seconds .

========================================================================
Received Import Request.
  Time since last request: 349.415543 seconds.
  path: Assets/UI Assets/Leaderboard
  artifactKey: Guid(2564c2e695db78141a2af2ffc19fd5cc) Importer(815301076,1909f56bfc062723c751e8b465ee728b)
Start importing Assets/UI Assets/Leaderboard using Guid(2564c2e695db78141a2af2ffc19fd5cc) Importer(815301076,1909f56bfc062723c751e8b465ee728b)  -> (artifact id: '8fa8d34743462728b2c2274d68e2d7d7') in 0.002538 seconds
  Import took 0.008685 seconds .

========================================================================
Received Import Request.
  Time since last request: 37.279981 seconds.
  path: Assets/UI Assets/Leaderboard/NameLabel.png
  artifactKey: Guid(4e921113c71592d4bbb668fbef3cfa0e) Importer(815301076,1909f56bfc062723c751e8b465ee728b)
Start importing Assets/UI Assets/Leaderboard/NameLabel.png using Guid(4e921113c71592d4bbb668fbef3cfa0e) Importer(815301076,1909f56bfc062723c751e8b465ee728b)  -> (artifact id: '5b8597902c414d6f60db81603b405bee') in 0.009669 seconds
  Import took 0.016245 seconds .

========================================================================
Received Import Request.
  Time since last request: 0.000372 seconds.
  path: Assets/UI Assets/Leaderboard/RankLabel.png
  artifactKey: Guid(dd892e1aa6875ea4da2f0367e3676f1e) Importer(815301076,1909f56bfc062723c751e8b465ee728b)
Start importing Assets/UI Assets/Leaderboard/RankLabel.png using Guid(dd892e1aa6875ea4da2f0367e3676f1e) Importer(815301076,1909f56bfc062723c751e8b465ee728b)  -> (artifact id: '9afed3f0a6d601ccec00ce5dbd83fabe') in 0.009067 seconds
  Import took 0.014790 seconds .

========================================================================
Received Import Request.
  Time since last request: 0.000307 seconds.
  path: Assets/UI Assets/Leaderboard/TimeLabel.png
  artifactKey: Guid(7c7e234a00c34814599814f654fd3b3f) Importer(815301076,1909f56bfc062723c751e8b465ee728b)
Start importing Assets/UI Assets/Leaderboard/TimeLabel.png using Guid(7c7e234a00c34814599814f654fd3b3f) Importer(815301076,1909f56bfc062723c751e8b465ee728b)  -> (artifact id: '9902c44be184bac9ea54141d912447af') in 0.006872 seconds
  Import took 0.012720 seconds .

========================================================================
Received Import Request.
  Time since last request: 0.000357 seconds.
  path: Assets/UI Assets/Leaderboard/NameLabel.png
  artifactKey: Guid(4e921113c71592d4bbb668fbef3cfa0e) Importer(815301076,1909f56bfc062723c751e8b465ee728b)
Start importing Assets/UI Assets/Leaderboard/NameLabel.png using Guid(4e921113c71592d4bbb668fbef3cfa0e) Importer(815301076,1909f56bfc062723c751e8b465ee728b)  -> (artifact id: '5b8597902c414d6f60db81603b405bee') in 0.006753 seconds
  Import took 0.012645 seconds .

========================================================================
Received Import Request.
  Time since last request: 3.495897 seconds.
  path: Assets/UI Assets/Leaderboard/ScoreboardLabel.png
  artifactKey: Guid(4b3e72c856e9f6842b06f1e8efbf32b0) Importer(815301076,1909f56bfc062723c751e8b465ee728b)
Start importing Assets/UI Assets/Leaderboard/ScoreboardLabel.png using Guid(4b3e72c856e9f6842b06f1e8efbf32b0) Importer(815301076,1909f56bfc062723c751e8b465ee728b)  -> (artifact id: '8179a1521b853eb377546bba52602595') in 0.006350 seconds
  Import took 0.012712 seconds .

========================================================================
Received Import Request.
  Time since last request: 0.002005 seconds.
  path: Assets/UI Assets/Leaderboard/ScoreboardLabel.png
  artifactKey: Guid(4b3e72c856e9f6842b06f1e8efbf32b0) Importer(815301076,1909f56bfc062723c751e8b465ee728b)
Start importing Assets/UI Assets/Leaderboard/ScoreboardLabel.png using Guid(4b3e72c856e9f6842b06f1e8efbf32b0) Importer(815301076,1909f56bfc062723c751e8b465ee728b)  -> (artifact id: '8179a1521b853eb377546bba52602595') in 0.004848 seconds
  Import took 0.010715 seconds .

========================================================================
Received Import Request.
  Time since last request: 4.436147 seconds.
  path: Assets/UI Assets/Leaderboard/NameLabel.png
  artifactKey: Guid(4e921113c71592d4bbb668fbef3cfa0e) Importer(815301076,1909f56bfc062723c751e8b465ee728b)
Start importing Assets/UI Assets/Leaderboard/NameLabel.png using Guid(4e921113c71592d4bbb668fbef3cfa0e) Importer(815301076,1909f56bfc062723c751e8b465ee728b)  -> (artifact id: '297b8adb15d97d42ca06323d4f195856') in 0.013880 seconds
  Import took 0.020340 seconds .

========================================================================
Received Import Request.
  Time since last request: 0.000294 seconds.
  path: Assets/UI Assets/Leaderboard/RankLabel.png
  artifactKey: Guid(dd892e1aa6875ea4da2f0367e3676f1e) Importer(815301076,1909f56bfc062723c751e8b465ee728b)
Start importing Assets/UI Assets/Leaderboard/RankLabel.png using Guid(dd892e1aa6875ea4da2f0367e3676f1e) Importer(815301076,1909f56bfc062723c751e8b465ee728b)  -> (artifact id: 'cd22e23ac79fced0c5e2a5aa389cf054') in 0.010638 seconds
  Import took 0.015515 seconds .

========================================================================
Received Import Request.
  Time since last request: 0.000258 seconds.
  path: Assets/UI Assets/Leaderboard/ScoreboardLabel.png
  artifactKey: Guid(4b3e72c856e9f6842b06f1e8efbf32b0) Importer(815301076,1909f56bfc062723c751e8b465ee728b)
Start importing Assets/UI Assets/Leaderboard/ScoreboardLabel.png using Guid(4b3e72c856e9f6842b06f1e8efbf32b0) Importer(815301076,1909f56bfc062723c751e8b465ee728b)  -> (artifact id: 'f46c9423485fea40df0cecc741a8d014') in 0.013180 seconds
  Import took 0.019680 seconds .

========================================================================
Received Import Request.
  Time since last request: 0.000299 seconds.
  path: Assets/UI Assets/Leaderboard/TimeLabel.png
  artifactKey: Guid(7c7e234a00c34814599814f654fd3b3f) Importer(815301076,1909f56bfc062723c751e8b465ee728b)
Start importing Assets/UI Assets/Leaderboard/TimeLabel.png using Guid(7c7e234a00c34814599814f654fd3b3f) Importer(815301076,1909f56bfc062723c751e8b465ee728b)  -> (artifact id: '090e57ee722f93edb246895433e58499') in 0.009871 seconds
  Import took 0.015475 seconds .

========================================================================
Received Import Request.
  Time since last request: 0.001792 seconds.
  path: Assets/UI Assets/Leaderboard/TimeLabel.png
  artifactKey: Guid(7c7e234a00c34814599814f654fd3b3f) Importer(815301076,1909f56bfc062723c751e8b465ee728b)
Start importing Assets/UI Assets/Leaderboard/TimeLabel.png using Guid(7c7e234a00c34814599814f654fd3b3f) Importer(815301076,1909f56bfc062723c751e8b465ee728b)  -> (artifact id: '090e57ee722f93edb246895433e58499') in 0.008063 seconds
  Import took 0.013701 seconds .

========================================================================
Received Import Request.
  Time since last request: 298.483012 seconds.
  path: Assets/UI Assets/Leaderboard/LeaderboardBG.png
  artifactKey: Guid(40804fa65f0f06943b3a8c12413288af) Importer(815301076,1909f56bfc062723c751e8b465ee728b)
Start importing Assets/UI Assets/Leaderboard/LeaderboardBG.png using Guid(40804fa65f0f06943b3a8c12413288af) Importer(815301076,1909f56bfc062723c751e8b465ee728b)  -> (artifact id: 'ff7d5ade19a21bc1dd79694b951ef93f') in 0.008766 seconds
  Import took 0.014812 seconds .

========================================================================
Received Import Request.
  Time since last request: 30.788397 seconds.
  path: Assets/UI Assets/Leaderboard/LeaderboardBG.png
  artifactKey: Guid(40804fa65f0f06943b3a8c12413288af) Importer(815301076,1909f56bfc062723c751e8b465ee728b)
Start importing Assets/UI Assets/Leaderboard/LeaderboardBG.png using Guid(40804fa65f0f06943b3a8c12413288af) Importer(815301076,1909f56bfc062723c751e8b465ee728b)  -> (artifact id: '2c58a64ba1dfac81e5617c7915a1ae00') in 0.012429 seconds
  Import took 0.018804 seconds .

AssetImportWorkerClient::OnTransportError - code=2 error=End of file
