Using pre-set license
Built from '2020.3/release' branch; Version is '2020.3.2f1 (8fd9074bf66c) revision 9427207'; Using compiler version '192528614'; Build Type 'Release'
OS: 'Windows 10 Education; OS build 19042.928; Version 2009; 64bit' Language: 'en' Physical Memory: 16294 MB
BatchMode: 1, IsHumanControllingUs: 0, StartBugReporterOnCrash: 0, Is64bit: 1, IsPro: 0

 COMMAND LINE ARGUMENTS:
C:\Program Files\Unity\Editor\Unity.exe
-adb2
-batchMode
-noUpm
-name
AssetImportWorker0
-projectPath
C:/Users/7163/OneDrive - pukekohehigh.school.nz/DIT/CarGameDIT - Copy
-logFile
Logs/AssetImportWorker0.log
-srvPort
59320
Successfully changed project path to: C:/Users/7163/OneDrive - pukekohehigh.school.nz/DIT/CarGameDIT - Copy
C:/Users/7163/OneDrive - pukekohehigh.school.nz/DIT/CarGameDIT - Copy
Using Asset Import Pipeline V2.
Refreshing native plugins compatible for Editor in 37.40 ms, found 0 plugins.
Preloading 0 native plugins for Editor in 0.00 ms.
Initialize engine version: 2020.3.2f1 (8fd9074bf66c)
[Subsystems] Discovering subsystems at path C:/Program Files/Unity/Editor/Data/Resources/UnitySubsystems
[Subsystems] Discovering subsystems at path C:/Users/7163/OneDrive - pukekohehigh.school.nz/DIT/CarGameDIT - Copy/Assets
GfxDevice: creating device client; threaded=0
Direct3D:
    Version:  Direct3D 11.0 [level 11.1]
    Renderer: NVIDIA GeForce RTX 3060 Ti (ID=0x2486)
    Vendor:   
    VRAM:     8050 MB
    Driver:   27.21.14.5751
Initialize mono
Mono path[0] = 'C:/Program Files/Unity/Editor/Data/Managed'
Mono path[1] = 'C:/Program Files/Unity/Editor/Data/MonoBleedingEdge/lib/mono/unityjit'
Mono config path = 'C:/Program Files/Unity/Editor/Data/MonoBleedingEdge/etc'
Using monoOptions --debugger-agent=transport=dt_socket,embedding=1,server=y,suspend=n,address=127.0.0.1:56080
Begin MonoManager ReloadAssembly
Registering precompiled unity dll's ...
Register platform support module: C:/Program Files/Unity/Editor/Data/PlaybackEngines/WindowsStandaloneSupport/UnityEditor.WindowsStandalone.Extensions.dll
Registered in 0.001358 seconds.
Native extension for WindowsStandalone target not found
Refreshing native plugins compatible for Editor in 38.54 ms, found 0 plugins.
Preloading 0 native plugins for Editor in 0.00 ms.
Invoked RoslynAnalysisRunner static constructor.
RoslynAnalysisRunner will not be running.
RoslynAnalysisRunner has terminated.
Mono: successfully reloaded assembly
- Completed reload, in  0.772 seconds
Platform modules already initialized, skipping
Registering precompiled user dll's ...
Registered in 0.001173 seconds.
Begin MonoManager ReloadAssembly
Native extension for WindowsStandalone target not found
Refreshing native plugins compatible for Editor in 39.98 ms, found 0 plugins.
Preloading 0 native plugins for Editor in 0.00 ms.
Invoked RoslynAnalysisRunner static constructor.
RoslynAnalysisRunner will not be running.
RoslynAnalysisRunner has terminated.
Mono: successfully reloaded assembly
- Completed reload, in  0.790 seconds
Platform modules already initialized, skipping
========================================================================
Worker process is ready to serve import requests
Shader 'Universal Render Pipeline/Particles/Lit': fallback shader 'Universal Render Pipeline/Particles/SimpleLit' not found
Shader 'Universal Render Pipeline/Particles/Lit': fallback shader 'Universal Render Pipeline/Particles/SimpleLit' not found
Launched and connected shader compiler UnityShaderCompiler.exe after 0.03 seconds
Refreshing native plugins compatible for Editor in 0.41 ms, found 0 plugins.
Preloading 0 native plugins for Editor in 0.00 ms.
Unloading 2862 Unused Serialized files (Serialized files now loaded: 0)
System memory in use before: 133.0 MB.
System memory in use after: 130.2 MB.

Unloading 48 unused Assets to reduce memory usage. Loaded Objects now: 3273.
Total: 3.374300 ms (FindLiveObjects: 0.330000 ms CreateObjectMapping: 0.153300 ms MarkObjects: 1.749900 ms  DeleteObjects: 1.140300 ms)

========================================================================
Received Import Request.
  path: Assets/Scripts/CarSelection.cs
  artifactKey: Guid(821b1317a31af9b4a947996cce8cd704) Importer(815301076,1909f56bfc062723c751e8b465ee728b)
Start importing Assets/Scripts/CarSelection.cs using Guid(821b1317a31af9b4a947996cce8cd704) Importer(815301076,1909f56bfc062723c751e8b465ee728b)  -> (artifact id: '7e35d34005c558cc973877f521083656') in 0.015477 seconds
  Import took 0.024424 seconds .

========================================================================
Received Import Request.
  Time since last request: 0.000372 seconds.
  path: Assets/Scripts/ScoreboardUI.cs
  artifactKey: Guid(09a2ab986cdf4ce4391189ee85f7a29e) Importer(815301076,1909f56bfc062723c751e8b465ee728b)
Start importing Assets/Scripts/ScoreboardUI.cs using Guid(09a2ab986cdf4ce4391189ee85f7a29e) Importer(815301076,1909f56bfc062723c751e8b465ee728b)  -> (artifact id: '72e860323facd818fd8ef7b05dfcc30b') in 0.001814 seconds
  Import took 0.006274 seconds .

========================================================================
Received Import Request.
  Time since last request: 6.039635 seconds.
  path: Assets/Scripts/TrackSelection.cs
  artifactKey: Guid(fcb11ad1d6a3d38459ceabc998a08398) Importer(815301076,1909f56bfc062723c751e8b465ee728b)
Start importing Assets/Scripts/TrackSelection.cs using Guid(fcb11ad1d6a3d38459ceabc998a08398) Importer(815301076,1909f56bfc062723c751e8b465ee728b)  -> (artifact id: '009a7e443bb3f0e82436f16d33e239c2') in 0.001680 seconds
  Import took 0.007545 seconds .

========================================================================
Received Import Request.
  Time since last request: 2.117992 seconds.
  path: Assets/Scripts/Timer.cs
  artifactKey: Guid(760bbcd670f82f84e8790b5cd7918306) Importer(815301076,1909f56bfc062723c751e8b465ee728b)
Start importing Assets/Scripts/Timer.cs using Guid(760bbcd670f82f84e8790b5cd7918306) Importer(815301076,1909f56bfc062723c751e8b465ee728b)  -> (artifact id: 'c524d4fca041a1b7e00a7752579541e9') in 0.001813 seconds
  Import took 0.008487 seconds .

========================================================================
Received Prepare
Registering precompiled user dll's ...
Registered in 0.001319 seconds.
Begin MonoManager ReloadAssembly
Native extension for WindowsStandalone target not found
Refreshing native plugins compatible for Editor in 0.41 ms, found 0 plugins.
Preloading 0 native plugins for Editor in 0.00 ms.
Invoked RoslynAnalysisRunner static constructor.
RoslynAnalysisRunner will not be running.
RoslynAnalysisRunner has terminated.
Mono: successfully reloaded assembly
- Completed reload, in  0.694 seconds
Platform modules already initialized, skipping
Shader 'Universal Render Pipeline/Particles/Lit': fallback shader 'Universal Render Pipeline/Particles/SimpleLit' not found
Shader 'Universal Render Pipeline/Particles/Lit': fallback shader 'Universal Render Pipeline/Particles/SimpleLit' not found
Refreshing native plugins compatible for Editor in 0.42 ms, found 0 plugins.
Preloading 0 native plugins for Editor in 0.00 ms.
Unloading 2774 Unused Serialized files (Serialized files now loaded: 0)
System memory in use before: 128.1 MB.
System memory in use after: 125.4 MB.

Unloading 41 unused Assets to reduce memory usage. Loaded Objects now: 3278.
Total: 3.957400 ms (FindLiveObjects: 0.349100 ms CreateObjectMapping: 0.132700 ms MarkObjects: 2.154400 ms  DeleteObjects: 1.320200 ms)

========================================================================
Received Prepare
Registering precompiled user dll's ...
Registered in 0.001157 seconds.
Begin MonoManager ReloadAssembly
Native extension for WindowsStandalone target not found
Refreshing native plugins compatible for Editor in 0.41 ms, found 0 plugins.
Preloading 0 native plugins for Editor in 0.00 ms.
Invoked RoslynAnalysisRunner static constructor.
RoslynAnalysisRunner will not be running.
RoslynAnalysisRunner has terminated.
Mono: successfully reloaded assembly
- Completed reload, in  0.690 seconds
Platform modules already initialized, skipping
Shader 'Universal Render Pipeline/Particles/Lit': fallback shader 'Universal Render Pipeline/Particles/SimpleLit' not found
Shader 'Universal Render Pipeline/Particles/Lit': fallback shader 'Universal Render Pipeline/Particles/SimpleLit' not found
Refreshing native plugins compatible for Editor in 0.42 ms, found 0 plugins.
Preloading 0 native plugins for Editor in 0.00 ms.
Unloading 2774 Unused Serialized files (Serialized files now loaded: 0)
System memory in use before: 128.1 MB.
System memory in use after: 125.4 MB.

Unloading 41 unused Assets to reduce memory usage. Loaded Objects now: 3281.
Total: 3.107200 ms (FindLiveObjects: 0.271500 ms CreateObjectMapping: 0.115400 ms MarkObjects: 1.506400 ms  DeleteObjects: 1.213000 ms)

========================================================================
Received Import Request.
  Time since last request: 279.038106 seconds.
  path: Assets/Scripts/ScoreboardUI.cs
  artifactKey: Guid(09a2ab986cdf4ce4391189ee85f7a29e) Importer(815301076,1909f56bfc062723c751e8b465ee728b)
Start importing Assets/Scripts/ScoreboardUI.cs using Guid(09a2ab986cdf4ce4391189ee85f7a29e) Importer(815301076,1909f56bfc062723c751e8b465ee728b)  -> (artifact id: '94cc193b59a9bb4b675358509b6c3d1c') in 0.004441 seconds
  Import took 0.009978 seconds .

========================================================================
Received Prepare
Registering precompiled user dll's ...
Registered in 0.001235 seconds.
Begin MonoManager ReloadAssembly
Native extension for WindowsStandalone target not found
Refreshing native plugins compatible for Editor in 35.87 ms, found 0 plugins.
Preloading 0 native plugins for Editor in 0.00 ms.
Invoked RoslynAnalysisRunner static constructor.
RoslynAnalysisRunner will not be running.
RoslynAnalysisRunner has terminated.
Mono: successfully reloaded assembly
- Completed reload, in  0.560 seconds
Platform modules already initialized, skipping
Shader 'Universal Render Pipeline/Particles/Lit': fallback shader 'Universal Render Pipeline/Particles/SimpleLit' not found
Shader 'Universal Render Pipeline/Particles/Lit': fallback shader 'Universal Render Pipeline/Particles/SimpleLit' not found
Refreshing native plugins compatible for Editor in 0.43 ms, found 0 plugins.
Preloading 0 native plugins for Editor in 0.00 ms.
Unloading 2774 Unused Serialized files (Serialized files now loaded: 0)
System memory in use before: 126.6 MB.
System memory in use after: 122.9 MB.

Unloading 98 unused Assets to reduce memory usage. Loaded Objects now: 3222.
Total: 3.512200 ms (FindLiveObjects: 0.327300 ms CreateObjectMapping: 0.142900 ms MarkObjects: 1.148500 ms  DeleteObjects: 1.892900 ms)

AssetImportParameters requested are different than current active one (requested -> active):
  custom:srp/default-shader: 0000e00a000e0de00000e000e0000000 -> 00a0da0d000000000000000000000000
AssetImportWorkerClient::OnTransportError - code=2 error=End of file
