Using pre-set license
Built from '2020.3/release' branch; Version is '2020.3.2f1 (8fd9074bf66c) revision 9427207'; Using compiler version '192528614'; Build Type 'Release'
OS: 'Windows 10 Pro; OS build 19042.1110; Version 2009; 64bit' Language: 'en' Physical Memory: 8120 MB
BatchMode: 1, IsHumanControllingUs: 0, StartBugReporterOnCrash: 0, Is64bit: 1, IsPro: 0

 COMMAND LINE ARGUMENTS:
D:\Unity\2020.3.2f1\Editor\Unity.exe
-adb2
-batchMode
-noUpm
-name
AssetImportWorker1
-projectPath
C:/Users/Twist/OneDrive - pukekohehigh.school.nz/DIT/CarGameDIT - Copy
-logFile
Logs/AssetImportWorker1.log
-srvPort
49920
Successfully changed project path to: C:/Users/Twist/OneDrive - pukekohehigh.school.nz/DIT/CarGameDIT - Copy
C:/Users/Twist/OneDrive - pukekohehigh.school.nz/DIT/CarGameDIT - Copy
Using Asset Import Pipeline V2.
Refreshing native plugins compatible for Editor in 80.08 ms, found 0 plugins.
Preloading 0 native plugins for Editor in 0.00 ms.
Initialize engine version: 2020.3.2f1 (8fd9074bf66c)
[Subsystems] Discovering subsystems at path D:/Unity/2020.3.2f1/Editor/Data/Resources/UnitySubsystems
[Subsystems] Discovering subsystems at path C:/Users/Twist/OneDrive - pukekohehigh.school.nz/DIT/CarGameDIT - Copy/Assets
GfxDevice: creating device client; threaded=0
Direct3D:
    Version:  Direct3D 11.0 [level 11.1]
    Renderer: Radeon RX 570 Series (ID=0x67df)
    Vendor:   
    VRAM:     4075 MB
    Driver:   27.20.22001.14011
Initialize mono
Mono path[0] = 'D:/Unity/2020.3.2f1/Editor/Data/Managed'
Mono path[1] = 'D:/Unity/2020.3.2f1/Editor/Data/MonoBleedingEdge/lib/mono/unityjit'
Mono config path = 'D:/Unity/2020.3.2f1/Editor/Data/MonoBleedingEdge/etc'
Using monoOptions --debugger-agent=transport=dt_socket,embedding=1,server=y,suspend=n,address=127.0.0.1:56692
Begin MonoManager ReloadAssembly
Registering precompiled unity dll's ...
Register platform support module: D:/Unity/2020.3.2f1/Editor/Data/PlaybackEngines/WindowsStandaloneSupport/UnityEditor.WindowsStandalone.Extensions.dll
Registered in 0.001183 seconds.
Native extension for WindowsStandalone target not found
Refreshing native plugins compatible for Editor in 87.47 ms, found 0 plugins.
Preloading 0 native plugins for Editor in 0.00 ms.
Invoked RoslynAnalysisRunner static constructor.
RoslynAnalysisRunner will not be running.
RoslynAnalysisRunner has terminated.
Mono: successfully reloaded assembly
- Completed reload, in  2.043 seconds
Platform modules already initialized, skipping
Registering precompiled user dll's ...
Registered in 0.004018 seconds.
Begin MonoManager ReloadAssembly
Native extension for WindowsStandalone target not found
Refreshing native plugins compatible for Editor in 97.86 ms, found 0 plugins.
Preloading 0 native plugins for Editor in 0.00 ms.
Invoked RoslynAnalysisRunner static constructor.
RoslynAnalysisRunner will not be running.
RoslynAnalysisRunner has terminated.
Mono: successfully reloaded assembly
- Completed reload, in  4.630 seconds
Platform modules already initialized, skipping
========================================================================
Worker process is ready to serve import requests
Shader 'Universal Render Pipeline/Particles/Lit': fallback shader 'Universal Render Pipeline/Particles/SimpleLit' not found
Shader 'Universal Render Pipeline/Particles/Lit': fallback shader 'Universal Render Pipeline/Particles/SimpleLit' not found
Launched and connected shader compiler UnityShaderCompiler.exe after 0.26 seconds
Refreshing native plugins compatible for Editor in 0.61 ms, found 0 plugins.
Preloading 0 native plugins for Editor in 0.00 ms.
Unloading 2861 Unused Serialized files (Serialized files now loaded: 0)
System memory in use before: 132.8 MB.
System memory in use after: 130.0 MB.

Unloading 48 unused Assets to reduce memory usage. Loaded Objects now: 3272.
Total: 5.376700 ms (FindLiveObjects: 1.102000 ms CreateObjectMapping: 0.256100 ms MarkObjects: 2.395400 ms  DeleteObjects: 1.621500 ms)

========================================================================
Received Import Request.
  path: Assets/Models/Environments/Bases/Track 1 Applied shrinkwrap.fbx
  artifactKey: Guid(fe04b2cdf635fca4cba111336f8e3175) Importer(815301076,1909f56bfc062723c751e8b465ee728b)
Start importing Assets/Models/Environments/Bases/Track 1 Applied shrinkwrap.fbx using Guid(fe04b2cdf635fca4cba111336f8e3175) Importer(815301076,1909f56bfc062723c751e8b465ee728b)  -> (artifact id: '98df94672125d0a845e221f880235a57') in 6.827302 seconds
  Import took 6.844958 seconds .

========================================================================
Received Import Request.
  Time since last request: 0.000224 seconds.
  path: Assets/Scenes/ForestTrack.unity
  artifactKey: Guid(996586aef5efbe5468016102c2e21d10) Importer(815301076,1909f56bfc062723c751e8b465ee728b)
Start importing Assets/Scenes/ForestTrack.unity using Guid(996586aef5efbe5468016102c2e21d10) Importer(815301076,1909f56bfc062723c751e8b465ee728b)  -> (artifact id: '79205ed606482da2ee46758eded3d5c7') in 0.016888 seconds
  Import took 0.024705 seconds .

========================================================================
Received Prepare
Registering precompiled user dll's ...
Registered in 0.003714 seconds.
Begin MonoManager ReloadAssembly
Native extension for WindowsStandalone target not found
Refreshing native plugins compatible for Editor in 0.56 ms, found 0 plugins.
Preloading 0 native plugins for Editor in 0.00 ms.
Invoked RoslynAnalysisRunner static constructor.
RoslynAnalysisRunner will not be running.
RoslynAnalysisRunner has terminated.
Mono: successfully reloaded assembly
- Completed reload, in  1.953 seconds
Platform modules already initialized, skipping
Shader 'Universal Render Pipeline/Particles/Lit': fallback shader 'Universal Render Pipeline/Particles/SimpleLit' not found
Shader 'Universal Render Pipeline/Particles/Lit': fallback shader 'Universal Render Pipeline/Particles/SimpleLit' not found
Refreshing native plugins compatible for Editor in 0.71 ms, found 0 plugins.
Preloading 0 native plugins for Editor in 0.00 ms.
Unloading 2771 Unused Serialized files (Serialized files now loaded: 0)
System memory in use before: 135.8 MB.
System memory in use after: 133.0 MB.

Unloading 41 unused Assets to reduce memory usage. Loaded Objects now: 3356.
Total: 8.984800 ms (FindLiveObjects: 1.006700 ms CreateObjectMapping: 0.327700 ms MarkObjects: 5.098200 ms  DeleteObjects: 2.548200 ms)

========================================================================
Received Prepare
Registering precompiled user dll's ...
Registered in 0.003074 seconds.
Begin MonoManager ReloadAssembly
Native extension for WindowsStandalone target not found
Refreshing native plugins compatible for Editor in 0.86 ms, found 0 plugins.
Preloading 0 native plugins for Editor in 0.00 ms.
Invoked RoslynAnalysisRunner static constructor.
RoslynAnalysisRunner will not be running.
RoslynAnalysisRunner has terminated.
Mono: successfully reloaded assembly
- Completed reload, in  2.462 seconds
Platform modules already initialized, skipping
Shader 'Universal Render Pipeline/Particles/Lit': fallback shader 'Universal Render Pipeline/Particles/SimpleLit' not found
Shader 'Universal Render Pipeline/Particles/Lit': fallback shader 'Universal Render Pipeline/Particles/SimpleLit' not found
Refreshing native plugins compatible for Editor in 0.68 ms, found 0 plugins.
Preloading 0 native plugins for Editor in 0.00 ms.
Unloading 2771 Unused Serialized files (Serialized files now loaded: 0)
System memory in use before: 135.8 MB.
System memory in use after: 133.1 MB.

Unloading 41 unused Assets to reduce memory usage. Loaded Objects now: 3359.
Total: 9.764700 ms (FindLiveObjects: 0.507200 ms CreateObjectMapping: 0.388100 ms MarkObjects: 3.913300 ms  DeleteObjects: 4.953800 ms)

========================================================================
Received Import Request.
  Time since last request: 281.405844 seconds.
  path: Assets/Scenes/CityTrack.unity
  artifactKey: Guid(d1c3109bdb54ad54c8a2b2838528e640) Importer(815301076,1909f56bfc062723c751e8b465ee728b)
Start importing Assets/Scenes/CityTrack.unity using Guid(d1c3109bdb54ad54c8a2b2838528e640) Importer(815301076,1909f56bfc062723c751e8b465ee728b)  -> (artifact id: '91092756e0db9f74d2ebc3b1e9c246af') in 0.025541 seconds
  Import took 0.042242 seconds .

========================================================================
Received Prepare
Registering precompiled user dll's ...
Registered in 0.002199 seconds.
Begin MonoManager ReloadAssembly
Native extension for WindowsStandalone target not found
Refreshing native plugins compatible for Editor in 0.50 ms, found 0 plugins.
Preloading 0 native plugins for Editor in 0.00 ms.
Invoked RoslynAnalysisRunner static constructor.
RoslynAnalysisRunner will not be running.
RoslynAnalysisRunner has terminated.
Mono: successfully reloaded assembly
- Completed reload, in  1.149 seconds
Platform modules already initialized, skipping
Shader 'Universal Render Pipeline/Particles/Lit': fallback shader 'Universal Render Pipeline/Particles/SimpleLit' not found
Shader 'Universal Render Pipeline/Particles/Lit': fallback shader 'Universal Render Pipeline/Particles/SimpleLit' not found
Refreshing native plugins compatible for Editor in 0.62 ms, found 0 plugins.
Preloading 0 native plugins for Editor in 0.00 ms.
Unloading 2771 Unused Serialized files (Serialized files now loaded: 0)
System memory in use before: 135.9 MB.
System memory in use after: 133.2 MB.

Unloading 41 unused Assets to reduce memory usage. Loaded Objects now: 3362.
Total: 5.313700 ms (FindLiveObjects: 0.416800 ms CreateObjectMapping: 0.145400 ms MarkObjects: 2.726100 ms  DeleteObjects: 2.022900 ms)

========================================================================
Received Prepare
Registering precompiled user dll's ...
Registered in 0.002256 seconds.
Begin MonoManager ReloadAssembly
Native extension for WindowsStandalone target not found
Refreshing native plugins compatible for Editor in 0.51 ms, found 0 plugins.
Preloading 0 native plugins for Editor in 0.00 ms.
Invoked RoslynAnalysisRunner static constructor.
RoslynAnalysisRunner will not be running.
RoslynAnalysisRunner has terminated.
Mono: successfully reloaded assembly
- Completed reload, in  1.148 seconds
Platform modules already initialized, skipping
Shader 'Universal Render Pipeline/Particles/Lit': fallback shader 'Universal Render Pipeline/Particles/SimpleLit' not found
Shader 'Universal Render Pipeline/Particles/Lit': fallback shader 'Universal Render Pipeline/Particles/SimpleLit' not found
Refreshing native plugins compatible for Editor in 0.51 ms, found 0 plugins.
Preloading 0 native plugins for Editor in 0.00 ms.
Unloading 2771 Unused Serialized files (Serialized files now loaded: 0)
System memory in use before: 136.0 MB.
System memory in use after: 133.2 MB.

Unloading 41 unused Assets to reduce memory usage. Loaded Objects now: 3365.
Total: 7.199300 ms (FindLiveObjects: 0.347700 ms CreateObjectMapping: 1.383600 ms MarkObjects: 2.841200 ms  DeleteObjects: 2.624300 ms)

========================================================================
Received Import Request.
  Time since last request: 649.303214 seconds.
  path: Assets/Models/Cars/roadster.fbx
  artifactKey: Guid(58327ab73313f0b44a4e8f2238574065) Importer(815301076,1909f56bfc062723c751e8b465ee728b)
Start importing Assets/Models/Cars/roadster.fbx using Guid(58327ab73313f0b44a4e8f2238574065) Importer(815301076,1909f56bfc062723c751e8b465ee728b)  -> (artifact id: '214a27e978005e776c7f1cfa09c2bf81') in 0.662403 seconds
  Import took 0.674867 seconds .

========================================================================
Received Import Request.
  Time since last request: 672.585707 seconds.
  path: Assets/Models/Cars/roadster.fbx
  artifactKey: Guid(58327ab73313f0b44a4e8f2238574065) Importer(815301076,1909f56bfc062723c751e8b465ee728b)
Start importing Assets/Models/Cars/roadster.fbx using Guid(58327ab73313f0b44a4e8f2238574065) Importer(815301076,1909f56bfc062723c751e8b465ee728b)  -> (artifact id: '3acfd58ae7dbdd2ee6d8903e163be5ae') in 1.237056 seconds
  Import took 1.252921 seconds .

========================================================================
Received Import Request.
  Time since last request: 73.109684 seconds.
  path: Assets/Models/Cars/roadster.fbx
  artifactKey: Guid(58327ab73313f0b44a4e8f2238574065) Importer(815301076,1909f56bfc062723c751e8b465ee728b)
Start importing Assets/Models/Cars/roadster.fbx using Guid(58327ab73313f0b44a4e8f2238574065) Importer(815301076,1909f56bfc062723c751e8b465ee728b)  -> (artifact id: 'aba44db8b1c62614265497bf217107b2') in 0.278431 seconds
  Import took 0.298658 seconds .

========================================================================
Received Import Request.
  Time since last request: 132.234872 seconds.
  path: Assets/Models/Cars/roadster.fbx
  artifactKey: Guid(58327ab73313f0b44a4e8f2238574065) Importer(815301076,1909f56bfc062723c751e8b465ee728b)
Start importing Assets/Models/Cars/roadster.fbx using Guid(58327ab73313f0b44a4e8f2238574065) Importer(815301076,1909f56bfc062723c751e8b465ee728b)  -> (artifact id: 'fb9cc56a028cd4d21a4088eb3f9ba0e4') in 0.358944 seconds
  Import took 0.374324 seconds .

========================================================================
Received Import Request.
  Time since last request: 718.388664 seconds.
  path: Assets/Models/Cars/roadster.fbx
  artifactKey: Guid(58327ab73313f0b44a4e8f2238574065) Importer(815301076,1909f56bfc062723c751e8b465ee728b)
Start importing Assets/Models/Cars/roadster.fbx using Guid(58327ab73313f0b44a4e8f2238574065) Importer(815301076,1909f56bfc062723c751e8b465ee728b)  -> (artifact id: '5437778ea3b43114148235371b57eda9') in 0.315942 seconds
  Import took 0.330045 seconds .

========================================================================
Received Prepare
Registering precompiled user dll's ...
Registered in 0.002642 seconds.
Begin MonoManager ReloadAssembly
Native extension for WindowsStandalone target not found
Refreshing native plugins compatible for Editor in 0.64 ms, found 0 plugins.
Preloading 0 native plugins for Editor in 0.00 ms.
Invoked RoslynAnalysisRunner static constructor.
RoslynAnalysisRunner will not be running.
RoslynAnalysisRunner has terminated.
Mono: successfully reloaded assembly
- Completed reload, in  2.371 seconds
Platform modules already initialized, skipping
Shader 'Universal Render Pipeline/Particles/Lit': fallback shader 'Universal Render Pipeline/Particles/SimpleLit' not found
Shader 'Universal Render Pipeline/Particles/Lit': fallback shader 'Universal Render Pipeline/Particles/SimpleLit' not found
Refreshing native plugins compatible for Editor in 0.82 ms, found 0 plugins.
Preloading 0 native plugins for Editor in 0.00 ms.
Unloading 2771 Unused Serialized files (Serialized files now loaded: 0)
System memory in use before: 136.6 MB.
System memory in use after: 133.9 MB.

Unloading 41 unused Assets to reduce memory usage. Loaded Objects now: 3404.
Total: 24.306500 ms (FindLiveObjects: 0.428400 ms CreateObjectMapping: 0.313100 ms MarkObjects: 7.149600 ms  DeleteObjects: 16.412900 ms)

========================================================================
Received Prepare
Registering precompiled user dll's ...
Registered in 0.002083 seconds.
Begin MonoManager ReloadAssembly
Native extension for WindowsStandalone target not found
Refreshing native plugins compatible for Editor in 0.55 ms, found 0 plugins.
Preloading 0 native plugins for Editor in 0.00 ms.
Invoked RoslynAnalysisRunner static constructor.
RoslynAnalysisRunner will not be running.
RoslynAnalysisRunner has terminated.
Mono: successfully reloaded assembly
- Completed reload, in  1.280 seconds
Platform modules already initialized, skipping
Shader 'Universal Render Pipeline/Particles/Lit': fallback shader 'Universal Render Pipeline/Particles/SimpleLit' not found
Shader 'Universal Render Pipeline/Particles/Lit': fallback shader 'Universal Render Pipeline/Particles/SimpleLit' not found
Refreshing native plugins compatible for Editor in 0.51 ms, found 0 plugins.
Preloading 0 native plugins for Editor in 0.00 ms.
Unloading 2771 Unused Serialized files (Serialized files now loaded: 0)
System memory in use before: 136.7 MB.
System memory in use after: 133.9 MB.

Unloading 41 unused Assets to reduce memory usage. Loaded Objects now: 3407.
Total: 5.546000 ms (FindLiveObjects: 0.643300 ms CreateObjectMapping: 0.180300 ms MarkObjects: 2.790200 ms  DeleteObjects: 1.929200 ms)

AssetImportWorkerClient::OnTransportError - code=2 error=End of file
