Using pre-set license
Built from '2020.3/release' branch; Version is '2020.3.2f1 (8fd9074bf66c) revision 9427207'; Using compiler version '192528614'; Build Type 'Release'
OS: 'Windows 10 Education; OS build 19042.928; Version 2009; 64bit' Language: 'en' Physical Memory: 16294 MB
BatchMode: 1, IsHumanControllingUs: 0, StartBugReporterOnCrash: 0, Is64bit: 1, IsPro: 0

 COMMAND LINE ARGUMENTS:
C:\Program Files\Unity\Editor\Unity.exe
-adb2
-batchMode
-noUpm
-name
AssetImportWorker0
-projectPath
C:/Users/7163/OneDrive - pukekohehigh.school.nz/DIT/CarGameDIT - Copy
-logFile
Logs/AssetImportWorker0.log
-srvPort
53170
Successfully changed project path to: C:/Users/7163/OneDrive - pukekohehigh.school.nz/DIT/CarGameDIT - Copy
C:/Users/7163/OneDrive - pukekohehigh.school.nz/DIT/CarGameDIT - Copy
Using Asset Import Pipeline V2.
Refreshing native plugins compatible for Editor in 38.88 ms, found 0 plugins.
Preloading 0 native plugins for Editor in 0.00 ms.
Initialize engine version: 2020.3.2f1 (8fd9074bf66c)
[Subsystems] Discovering subsystems at path C:/Program Files/Unity/Editor/Data/Resources/UnitySubsystems
[Subsystems] Discovering subsystems at path C:/Users/7163/OneDrive - pukekohehigh.school.nz/DIT/CarGameDIT - Copy/Assets
GfxDevice: creating device client; threaded=0
Direct3D:
    Version:  Direct3D 11.0 [level 11.1]
    Renderer: NVIDIA GeForce RTX 3060 Ti (ID=0x2486)
    Vendor:   
    VRAM:     8050 MB
    Driver:   27.21.14.5751
Initialize mono
Mono path[0] = 'C:/Program Files/Unity/Editor/Data/Managed'
Mono path[1] = 'C:/Program Files/Unity/Editor/Data/MonoBleedingEdge/lib/mono/unityjit'
Mono config path = 'C:/Program Files/Unity/Editor/Data/MonoBleedingEdge/etc'
Using monoOptions --debugger-agent=transport=dt_socket,embedding=1,server=y,suspend=n,address=127.0.0.1:56016
Begin MonoManager ReloadAssembly
Registering precompiled unity dll's ...
Register platform support module: C:/Program Files/Unity/Editor/Data/PlaybackEngines/WindowsStandaloneSupport/UnityEditor.WindowsStandalone.Extensions.dll
Registered in 0.001399 seconds.
Native extension for WindowsStandalone target not found
Refreshing native plugins compatible for Editor in 40.12 ms, found 0 plugins.
Preloading 0 native plugins for Editor in 0.00 ms.
Invoked RoslynAnalysisRunner static constructor.
RoslynAnalysisRunner will not be running.
RoslynAnalysisRunner has terminated.
Mono: successfully reloaded assembly
- Completed reload, in  0.791 seconds
Platform modules already initialized, skipping
Registering precompiled user dll's ...
Registered in 0.001144 seconds.
Begin MonoManager ReloadAssembly
Native extension for WindowsStandalone target not found
Refreshing native plugins compatible for Editor in 40.82 ms, found 0 plugins.
Preloading 0 native plugins for Editor in 0.00 ms.
Invoked RoslynAnalysisRunner static constructor.
RoslynAnalysisRunner will not be running.
RoslynAnalysisRunner has terminated.
Mono: successfully reloaded assembly
- Completed reload, in  0.775 seconds
Platform modules already initialized, skipping
========================================================================
Worker process is ready to serve import requests
Shader 'Universal Render Pipeline/Particles/Lit': fallback shader 'Universal Render Pipeline/Particles/SimpleLit' not found
Shader 'Universal Render Pipeline/Particles/Lit': fallback shader 'Universal Render Pipeline/Particles/SimpleLit' not found
Launched and connected shader compiler UnityShaderCompiler.exe after 0.03 seconds
Refreshing native plugins compatible for Editor in 0.48 ms, found 0 plugins.
Preloading 0 native plugins for Editor in 0.00 ms.
Unloading 2862 Unused Serialized files (Serialized files now loaded: 0)
System memory in use before: 133.0 MB.
System memory in use after: 130.3 MB.

Unloading 48 unused Assets to reduce memory usage. Loaded Objects now: 3273.
Total: 3.265600 ms (FindLiveObjects: 0.328000 ms CreateObjectMapping: 0.171500 ms MarkObjects: 1.613000 ms  DeleteObjects: 1.151900 ms)

========================================================================
Received Import Request.
  path: Assets/Scripts/ScoreboardDataManager.cs
  artifactKey: Guid(088c441e95264e04faf9129d7e05a278) Importer(815301076,1909f56bfc062723c751e8b465ee728b)
Start importing Assets/Scripts/ScoreboardDataManager.cs using Guid(088c441e95264e04faf9129d7e05a278) Importer(815301076,1909f56bfc062723c751e8b465ee728b)  -> (artifact id: 'eac10dbeec96bcdf6fb280d3e4fafcd9') in 0.018406 seconds
  Import took 0.024062 seconds .

========================================================================
Received Prepare
Registering precompiled user dll's ...
Registered in 0.001228 seconds.
Begin MonoManager ReloadAssembly
Native extension for WindowsStandalone target not found
Refreshing native plugins compatible for Editor in 0.42 ms, found 0 plugins.
Preloading 0 native plugins for Editor in 0.00 ms.
Invoked RoslynAnalysisRunner static constructor.
RoslynAnalysisRunner will not be running.
RoslynAnalysisRunner has terminated.
Mono: successfully reloaded assembly
- Completed reload, in  0.699 seconds
Platform modules already initialized, skipping
Shader 'Universal Render Pipeline/Particles/Lit': fallback shader 'Universal Render Pipeline/Particles/SimpleLit' not found
Shader 'Universal Render Pipeline/Particles/Lit': fallback shader 'Universal Render Pipeline/Particles/SimpleLit' not found
Refreshing native plugins compatible for Editor in 0.45 ms, found 0 plugins.
Preloading 0 native plugins for Editor in 0.00 ms.
Unloading 2772 Unused Serialized files (Serialized files now loaded: 0)
System memory in use before: 128.1 MB.
System memory in use after: 125.3 MB.

Unloading 41 unused Assets to reduce memory usage. Loaded Objects now: 3276.
Total: 3.301500 ms (FindLiveObjects: 0.283600 ms CreateObjectMapping: 0.150200 ms MarkObjects: 1.634300 ms  DeleteObjects: 1.232400 ms)

========================================================================
Received Prepare
Shader 'Universal Render Pipeline/Particles/Lit': fallback shader 'Universal Render Pipeline/Particles/SimpleLit' not found
Shader 'Universal Render Pipeline/Particles/Lit': fallback shader 'Universal Render Pipeline/Particles/SimpleLit' not found
Refreshing native plugins compatible for Editor in 1.31 ms, found 0 plugins.
Preloading 0 native plugins for Editor in 0.00 ms.
Unloading 39 Unused Serialized files (Serialized files now loaded: 0)
System memory in use before: 74.2 MB.
System memory in use after: 71.4 MB.

Unloading 39 unused Assets to reduce memory usage. Loaded Objects now: 3276.
Total: 4.152200 ms (FindLiveObjects: 0.333400 ms CreateObjectMapping: 0.143300 ms MarkObjects: 2.188200 ms  DeleteObjects: 1.486000 ms)

========================================================================
Received Prepare
Registering precompiled user dll's ...
Registered in 0.001114 seconds.
Begin MonoManager ReloadAssembly
Native extension for WindowsStandalone target not found
Refreshing native plugins compatible for Editor in 0.41 ms, found 0 plugins.
Preloading 0 native plugins for Editor in 0.00 ms.
Invoked RoslynAnalysisRunner static constructor.
RoslynAnalysisRunner will not be running.
RoslynAnalysisRunner has terminated.
Mono: successfully reloaded assembly
- Completed reload, in  0.667 seconds
Platform modules already initialized, skipping
Shader 'Universal Render Pipeline/Particles/Lit': fallback shader 'Universal Render Pipeline/Particles/SimpleLit' not found
Shader 'Universal Render Pipeline/Particles/Lit': fallback shader 'Universal Render Pipeline/Particles/SimpleLit' not found
Refreshing native plugins compatible for Editor in 0.44 ms, found 0 plugins.
Preloading 0 native plugins for Editor in 0.00 ms.
Unloading 2656 Unused Serialized files (Serialized files now loaded: 0)
System memory in use before: 125.8 MB.
System memory in use after: 123.0 MB.

Unloading 41 unused Assets to reduce memory usage. Loaded Objects now: 3281.
Total: 3.583700 ms (FindLiveObjects: 0.261500 ms CreateObjectMapping: 0.142100 ms MarkObjects: 1.857700 ms  DeleteObjects: 1.321500 ms)

========================================================================
Received Import Request.
  Time since last request: 627.227197 seconds.
  path: Assets/Scenes/CarSelection.unity
  artifactKey: Guid(d39762ce698f3ff449edfc169883a0b0) Importer(815301076,1909f56bfc062723c751e8b465ee728b)
Start importing Assets/Scenes/CarSelection.unity using Guid(d39762ce698f3ff449edfc169883a0b0) Importer(815301076,1909f56bfc062723c751e8b465ee728b)  -> (artifact id: '31ffc6c6267b9c61ec4409f00297e80e') in 0.010593 seconds
  Import took 0.015519 seconds .

========================================================================
Received Import Request.
  Time since last request: 75.308131 seconds.
  path: Assets/Scenes/CityTrack.unity
  artifactKey: Guid(d1c3109bdb54ad54c8a2b2838528e640) Importer(815301076,1909f56bfc062723c751e8b465ee728b)
Start importing Assets/Scenes/CityTrack.unity using Guid(d1c3109bdb54ad54c8a2b2838528e640) Importer(815301076,1909f56bfc062723c751e8b465ee728b)  -> (artifact id: 'c6bd29bd4fba17ed447c381689971a5c') in 0.002275 seconds
  Import took 0.006904 seconds .

========================================================================
Received Prepare
Registering precompiled user dll's ...
Registered in 0.001009 seconds.
Begin MonoManager ReloadAssembly
Native extension for WindowsStandalone target not found
Refreshing native plugins compatible for Editor in 0.41 ms, found 0 plugins.
Preloading 0 native plugins for Editor in 0.00 ms.
Invoked RoslynAnalysisRunner static constructor.
RoslynAnalysisRunner will not be running.
RoslynAnalysisRunner has terminated.
Mono: successfully reloaded assembly
- Completed reload, in  0.677 seconds
Platform modules already initialized, skipping
Shader 'Universal Render Pipeline/Particles/Lit': fallback shader 'Universal Render Pipeline/Particles/SimpleLit' not found
Shader 'Universal Render Pipeline/Particles/Lit': fallback shader 'Universal Render Pipeline/Particles/SimpleLit' not found
Refreshing native plugins compatible for Editor in 0.42 ms, found 0 plugins.
Preloading 0 native plugins for Editor in 0.00 ms.
Unloading 2656 Unused Serialized files (Serialized files now loaded: 0)
System memory in use before: 125.9 MB.
System memory in use after: 123.1 MB.

Unloading 41 unused Assets to reduce memory usage. Loaded Objects now: 3284.
Total: 3.337400 ms (FindLiveObjects: 0.252300 ms CreateObjectMapping: 0.116800 ms MarkObjects: 1.606500 ms  DeleteObjects: 1.361100 ms)

========================================================================
Received Import Request.
  Time since last request: 825.236927 seconds.
  path: Assets/Scripts/Wheel.cs
  artifactKey: Guid(5eebc662213dbf74a82051068857da87) Importer(815301076,1909f56bfc062723c751e8b465ee728b)
Start importing Assets/Scripts/Wheel.cs using Guid(5eebc662213dbf74a82051068857da87) Importer(815301076,1909f56bfc062723c751e8b465ee728b)  -> (artifact id: '72ea4706c1acd7e393b649b03f608422') in 0.006824 seconds
  Import took 0.012221 seconds .

========================================================================
Received Import Request.
  Time since last request: 9.507690 seconds.
  path: Assets/Scripts/ScoreboardUI.cs
  artifactKey: Guid(09a2ab986cdf4ce4391189ee85f7a29e) Importer(815301076,1909f56bfc062723c751e8b465ee728b)
Start importing Assets/Scripts/ScoreboardUI.cs using Guid(09a2ab986cdf4ce4391189ee85f7a29e) Importer(815301076,1909f56bfc062723c751e8b465ee728b)  -> (artifact id: '33f22c1ede462723e31eb009dc0611c8') in 0.002001 seconds
  Import took 0.006147 seconds .

========================================================================
Received Import Request.
  Time since last request: 0.936611 seconds.
  path: Assets/Scripts/ScoreEntry.cs
  artifactKey: Guid(9bf2c998a82e99b418dd18f94e1384d7) Importer(815301076,1909f56bfc062723c751e8b465ee728b)
Start importing Assets/Scripts/ScoreEntry.cs using Guid(9bf2c998a82e99b418dd18f94e1384d7) Importer(815301076,1909f56bfc062723c751e8b465ee728b)  -> (artifact id: 'fbade52f3b1a0db69a96dbf4cfc61ad3') in 0.002241 seconds
  Import took 0.006840 seconds .

========================================================================
Received Prepare
Registering precompiled user dll's ...
Registered in 0.001257 seconds.
Begin MonoManager ReloadAssembly
Native extension for WindowsStandalone target not found
Refreshing native plugins compatible for Editor in 0.47 ms, found 0 plugins.
Preloading 0 native plugins for Editor in 0.00 ms.
Invoked RoslynAnalysisRunner static constructor.
RoslynAnalysisRunner will not be running.
RoslynAnalysisRunner has terminated.
Mono: successfully reloaded assembly
- Completed reload, in  0.699 seconds
Platform modules already initialized, skipping
Shader 'Universal Render Pipeline/Particles/Lit': fallback shader 'Universal Render Pipeline/Particles/SimpleLit' not found
Shader 'Universal Render Pipeline/Particles/Lit': fallback shader 'Universal Render Pipeline/Particles/SimpleLit' not found
Refreshing native plugins compatible for Editor in 0.48 ms, found 0 plugins.
Preloading 0 native plugins for Editor in 0.00 ms.
Unloading 2656 Unused Serialized files (Serialized files now loaded: 0)
System memory in use before: 125.9 MB.
System memory in use after: 123.2 MB.

Unloading 41 unused Assets to reduce memory usage. Loaded Objects now: 3287.
Total: 3.828300 ms (FindLiveObjects: 0.363700 ms CreateObjectMapping: 0.211400 ms MarkObjects: 1.768800 ms  DeleteObjects: 1.483200 ms)

AssetImportWorkerClient::OnTransportError - code=2 error=End of file
